Started GET "/home" for 127.0.0.1 at 2014-02-26 16:00:13 +0100
Processing by HomeController#index as HTML
  [1m[36mSQL (2.4ms)[0m  [1mSELECT DISTINCT "accounts"."id" FROM "accounts" LEFT OUTER JOIN "memberships" ON "memberships"."account_id" = "accounts"."id" WHERE (memberships.role is NULL or memberships.role != 0) AND "accounts"."id" = 1 LIMIT 1[0m
  [1m[35mSQL (2.5ms)[0m  SELECT "accounts"."id" AS t0_r0, "accounts"."first_name" AS t0_r1, "accounts"."last_name" AS t0_r2, "accounts"."email" AS t0_r3, "accounts"."hashed_password" AS t0_r4, "accounts"."created_at" AS t0_r5, "accounts"."updated_at" AS t0_r6, "accounts"."identities" AS t0_r7, "accounts"."language" AS t0_r8, "accounts"."document_language" AS t0_r9, "memberships"."id" AS t1_r0, "memberships"."organization_id" AS t1_r1, "memberships"."account_id" AS t1_r2, "memberships"."role" AS t1_r3, "memberships"."default" AS t1_r4, "memberships"."concealed" AS t1_r5 FROM "accounts" LEFT OUTER JOIN "memberships" ON "memberships"."account_id" = "accounts"."id" WHERE (memberships.role is NULL or memberships.role != 0) AND "accounts"."id" = 1 AND "accounts"."id" IN (1)
Filter chain halted as :bouncer rendered or redirected
Completed 401 Unauthorized in 71ms (ActiveRecord: 17.3ms)
Started GET "/home" for 127.0.0.1 at 2014-02-26 16:00:18 +0100
Processing by HomeController#index as HTML
  [1m[36mSQL (1.6ms)[0m  [1mSELECT DISTINCT "accounts"."id" FROM "accounts" LEFT OUTER JOIN "memberships" ON "memberships"."account_id" = "accounts"."id" WHERE (memberships.role is NULL or memberships.role != 0) AND "accounts"."id" = 1 LIMIT 1[0m
  [1m[35mSQL (0.4ms)[0m  SELECT "accounts"."id" AS t0_r0, "accounts"."first_name" AS t0_r1, "accounts"."last_name" AS t0_r2, "accounts"."email" AS t0_r3, "accounts"."hashed_password" AS t0_r4, "accounts"."created_at" AS t0_r5, "accounts"."updated_at" AS t0_r6, "accounts"."identities" AS t0_r7, "accounts"."language" AS t0_r8, "accounts"."document_language" AS t0_r9, "memberships"."id" AS t1_r0, "memberships"."organization_id" AS t1_r1, "memberships"."account_id" AS t1_r2, "memberships"."role" AS t1_r3, "memberships"."default" AS t1_r4, "memberships"."concealed" AS t1_r5 FROM "accounts" LEFT OUTER JOIN "memberships" ON "memberships"."account_id" = "accounts"."id" WHERE (memberships.role is NULL or memberships.role != 0) AND "accounts"."id" = 1 AND "accounts"."id" IN (1)
Filter chain halted as :bouncer rendered or redirected
Completed 401 Unauthorized in 9ms (ActiveRecord: 2.0ms)
Started GET "/home" for 127.0.0.1 at 2014-02-26 16:00:18 +0100
Processing by HomeController#index as HTML
  [1m[36mSQL (1.7ms)[0m  [1mSELECT DISTINCT "accounts"."id" FROM "accounts" LEFT OUTER JOIN "memberships" ON "memberships"."account_id" = "accounts"."id" WHERE (memberships.role is NULL or memberships.role != 0) AND "accounts"."id" = 1 LIMIT 1[0m
  [1m[35mSQL (1.2ms)[0m  SELECT "accounts"."id" AS t0_r0, "accounts"."first_name" AS t0_r1, "accounts"."last_name" AS t0_r2, "accounts"."email" AS t0_r3, "accounts"."hashed_password" AS t0_r4, "accounts"."created_at" AS t0_r5, "accounts"."updated_at" AS t0_r6, "accounts"."identities" AS t0_r7, "accounts"."language" AS t0_r8, "accounts"."document_language" AS t0_r9, "memberships"."id" AS t1_r0, "memberships"."organization_id" AS t1_r1, "memberships"."account_id" AS t1_r2, "memberships"."role" AS t1_r3, "memberships"."default" AS t1_r4, "memberships"."concealed" AS t1_r5 FROM "accounts" LEFT OUTER JOIN "memberships" ON "memberships"."account_id" = "accounts"."id" WHERE (memberships.role is NULL or memberships.role != 0) AND "accounts"."id" = 1 AND "accounts"."id" IN (1)
Filter chain halted as :bouncer rendered or redirected
Completed 401 Unauthorized in 11ms (ActiveRecord: 2.8ms)
Started GET "/home" for 127.0.0.1 at 2014-02-26 16:00:19 +0100
Processing by HomeController#index as HTML
  [1m[36mSQL (1.2ms)[0m  [1mSELECT DISTINCT "accounts"."id" FROM "accounts" LEFT OUTER JOIN "memberships" ON "memberships"."account_id" = "accounts"."id" WHERE (memberships.role is NULL or memberships.role != 0) AND "accounts"."id" = 1 LIMIT 1[0m
  [1m[35mSQL (1.2ms)[0m  SELECT "accounts"."id" AS t0_r0, "accounts"."first_name" AS t0_r1, "accounts"."last_name" AS t0_r2, "accounts"."email" AS t0_r3, "accounts"."hashed_password" AS t0_r4, "accounts"."created_at" AS t0_r5, "accounts"."updated_at" AS t0_r6, "accounts"."identities" AS t0_r7, "accounts"."language" AS t0_r8, "accounts"."document_language" AS t0_r9, "memberships"."id" AS t1_r0, "memberships"."organization_id" AS t1_r1, "memberships"."account_id" AS t1_r2, "memberships"."role" AS t1_r3, "memberships"."default" AS t1_r4, "memberships"."concealed" AS t1_r5 FROM "accounts" LEFT OUTER JOIN "memberships" ON "memberships"."account_id" = "accounts"."id" WHERE (memberships.role is NULL or memberships.role != 0) AND "accounts"."id" = 1 AND "accounts"."id" IN (1)
Filter chain halted as :bouncer rendered or redirected
Completed 401 Unauthorized in 11ms (ActiveRecord: 2.5ms)
Started GET "/home" for 127.0.0.1 at 2014-02-26 16:00:20 +0100
Processing by HomeController#index as HTML
  [1m[36mSQL (0.5ms)[0m  [1mSELECT DISTINCT "accounts"."id" FROM "accounts" LEFT OUTER JOIN "memberships" ON "memberships"."account_id" = "accounts"."id" WHERE (memberships.role is NULL or memberships.role != 0) AND "accounts"."id" = 1 LIMIT 1[0m
  [1m[35mSQL (0.4ms)[0m  SELECT "accounts"."id" AS t0_r0, "accounts"."first_name" AS t0_r1, "accounts"."last_name" AS t0_r2, "accounts"."email" AS t0_r3, "accounts"."hashed_password" AS t0_r4, "accounts"."created_at" AS t0_r5, "accounts"."updated_at" AS t0_r6, "accounts"."identities" AS t0_r7, "accounts"."language" AS t0_r8, "accounts"."document_language" AS t0_r9, "memberships"."id" AS t1_r0, "memberships"."organization_id" AS t1_r1, "memberships"."account_id" AS t1_r2, "memberships"."role" AS t1_r3, "memberships"."default" AS t1_r4, "memberships"."concealed" AS t1_r5 FROM "accounts" LEFT OUTER JOIN "memberships" ON "memberships"."account_id" = "accounts"."id" WHERE (memberships.role is NULL or memberships.role != 0) AND "accounts"."id" = 1 AND "accounts"."id" IN (1)
Filter chain halted as :bouncer rendered or redirected
Completed 401 Unauthorized in 5ms (ActiveRecord: 1.0ms)
Started GET "/home" for 127.0.0.1 at 2014-02-26 16:00:20 +0100
Processing by HomeController#index as HTML
  [1m[36mSQL (1.4ms)[0m  [1mSELECT DISTINCT "accounts"."id" FROM "accounts" LEFT OUTER JOIN "memberships" ON "memberships"."account_id" = "accounts"."id" WHERE (memberships.role is NULL or memberships.role != 0) AND "accounts"."id" = 1 LIMIT 1[0m
  [1m[35mSQL (1.2ms)[0m  SELECT "accounts"."id" AS t0_r0, "accounts"."first_name" AS t0_r1, "accounts"."last_name" AS t0_r2, "accounts"."email" AS t0_r3, "accounts"."hashed_password" AS t0_r4, "accounts"."created_at" AS t0_r5, "accounts"."updated_at" AS t0_r6, "accounts"."identities" AS t0_r7, "accounts"."language" AS t0_r8, "accounts"."document_language" AS t0_r9, "memberships"."id" AS t1_r0, "memberships"."organization_id" AS t1_r1, "memberships"."account_id" AS t1_r2, "memberships"."role" AS t1_r3, "memberships"."default" AS t1_r4, "memberships"."concealed" AS t1_r5 FROM "accounts" LEFT OUTER JOIN "memberships" ON "memberships"."account_id" = "accounts"."id" WHERE (memberships.role is NULL or memberships.role != 0) AND "accounts"."id" = 1 AND "accounts"."id" IN (1)
Filter chain halted as :bouncer rendered or redirected
Completed 401 Unauthorized in 11ms (ActiveRecord: 2.6ms)
Started GET "/home" for 127.0.0.1 at 2014-02-26 16:00:20 +0100
Processing by HomeController#index as HTML
  [1m[36mSQL (1.2ms)[0m  [1mSELECT DISTINCT "accounts"."id" FROM "accounts" LEFT OUTER JOIN "memberships" ON "memberships"."account_id" = "accounts"."id" WHERE (memberships.role is NULL or memberships.role != 0) AND "accounts"."id" = 1 LIMIT 1[0m
  [1m[35mSQL (1.4ms)[0m  SELECT "accounts"."id" AS t0_r0, "accounts"."first_name" AS t0_r1, "accounts"."last_name" AS t0_r2, "accounts"."email" AS t0_r3, "accounts"."hashed_password" AS t0_r4, "accounts"."created_at" AS t0_r5, "accounts"."updated_at" AS t0_r6, "accounts"."identities" AS t0_r7, "accounts"."language" AS t0_r8, "accounts"."document_language" AS t0_r9, "memberships"."id" AS t1_r0, "memberships"."organization_id" AS t1_r1, "memberships"."account_id" AS t1_r2, "memberships"."role" AS t1_r3, "memberships"."default" AS t1_r4, "memberships"."concealed" AS t1_r5 FROM "accounts" LEFT OUTER JOIN "memberships" ON "memberships"."account_id" = "accounts"."id" WHERE (memberships.role is NULL or memberships.role != 0) AND "accounts"."id" = 1 AND "accounts"."id" IN (1)
Filter chain halted as :bouncer rendered or redirected
Completed 401 Unauthorized in 12ms (ActiveRecord: 2.5ms)
Started GET "/home" for 127.0.0.1 at 2014-02-26 16:00:20 +0100
Processing by HomeController#index as HTML
  [1m[36mSQL (1.3ms)[0m  [1mSELECT DISTINCT "accounts"."id" FROM "accounts" LEFT OUTER JOIN "memberships" ON "memberships"."account_id" = "accounts"."id" WHERE (memberships.role is NULL or memberships.role != 0) AND "accounts"."id" = 1 LIMIT 1[0m
  [1m[35mSQL (1.4ms)[0m  SELECT "accounts"."id" AS t0_r0, "accounts"."first_name" AS t0_r1, "accounts"."last_name" AS t0_r2, "accounts"."email" AS t0_r3, "accounts"."hashed_password" AS t0_r4, "accounts"."created_at" AS t0_r5, "accounts"."updated_at" AS t0_r6, "accounts"."identities" AS t0_r7, "accounts"."language" AS t0_r8, "accounts"."document_language" AS t0_r9, "memberships"."id" AS t1_r0, "memberships"."organization_id" AS t1_r1, "memberships"."account_id" AS t1_r2, "memberships"."role" AS t1_r3, "memberships"."default" AS t1_r4, "memberships"."concealed" AS t1_r5 FROM "accounts" LEFT OUTER JOIN "memberships" ON "memberships"."account_id" = "accounts"."id" WHERE (memberships.role is NULL or memberships.role != 0) AND "accounts"."id" = 1 AND "accounts"."id" IN (1)
Filter chain halted as :bouncer rendered or redirected
Completed 401 Unauthorized in 11ms (ActiveRecord: 2.7ms)
Started GET "/home" for 127.0.0.1 at 2014-02-26 16:00:21 +0100
Processing by HomeController#index as HTML
  [1m[36mSQL (1.4ms)[0m  [1mSELECT DISTINCT "accounts"."id" FROM "accounts" LEFT OUTER JOIN "memberships" ON "memberships"."account_id" = "accounts"."id" WHERE (memberships.role is NULL or memberships.role != 0) AND "accounts"."id" = 1 LIMIT 1[0m
  [1m[35mSQL (1.2ms)[0m  SELECT "accounts"."id" AS t0_r0, "accounts"."first_name" AS t0_r1, "accounts"."last_name" AS t0_r2, "accounts"."email" AS t0_r3, "accounts"."hashed_password" AS t0_r4, "accounts"."created_at" AS t0_r5, "accounts"."updated_at" AS t0_r6, "accounts"."identities" AS t0_r7, "accounts"."language" AS t0_r8, "accounts"."document_language" AS t0_r9, "memberships"."id" AS t1_r0, "memberships"."organization_id" AS t1_r1, "memberships"."account_id" AS t1_r2, "memberships"."role" AS t1_r3, "memberships"."default" AS t1_r4, "memberships"."concealed" AS t1_r5 FROM "accounts" LEFT OUTER JOIN "memberships" ON "memberships"."account_id" = "accounts"."id" WHERE (memberships.role is NULL or memberships.role != 0) AND "accounts"."id" = 1 AND "accounts"."id" IN (1)
Filter chain halted as :bouncer rendered or redirected
Completed 401 Unauthorized in 11ms (ActiveRecord: 2.6ms)
Started GET "/home" for 127.0.0.1 at 2014-02-26 16:00:21 +0100
Processing by HomeController#index as HTML
  [1m[36mSQL (1.2ms)[0m  [1mSELECT DISTINCT "accounts"."id" FROM "accounts" LEFT OUTER JOIN "memberships" ON "memberships"."account_id" = "accounts"."id" WHERE (memberships.role is NULL or memberships.role != 0) AND "accounts"."id" = 1 LIMIT 1[0m
  [1m[35mSQL (1.2ms)[0m  SELECT "accounts"."id" AS t0_r0, "accounts"."first_name" AS t0_r1, "accounts"."last_name" AS t0_r2, "accounts"."email" AS t0_r3, "accounts"."hashed_password" AS t0_r4, "accounts"."created_at" AS t0_r5, "accounts"."updated_at" AS t0_r6, "accounts"."identities" AS t0_r7, "accounts"."language" AS t0_r8, "accounts"."document_language" AS t0_r9, "memberships"."id" AS t1_r0, "memberships"."organization_id" AS t1_r1, "memberships"."account_id" AS t1_r2, "memberships"."role" AS t1_r3, "memberships"."default" AS t1_r4, "memberships"."concealed" AS t1_r5 FROM "accounts" LEFT OUTER JOIN "memberships" ON "memberships"."account_id" = "accounts"."id" WHERE (memberships.role is NULL or memberships.role != 0) AND "accounts"."id" = 1 AND "accounts"."id" IN (1)
Filter chain halted as :bouncer rendered or redirected
Completed 401 Unauthorized in 11ms (ActiveRecord: 2.4ms)
Started GET "/home" for 127.0.0.1 at 2014-02-26 16:00:21 +0100
Processing by HomeController#index as HTML
  [1m[36mSQL (1.2ms)[0m  [1mSELECT DISTINCT "accounts"."id" FROM "accounts" LEFT OUTER JOIN "memberships" ON "memberships"."account_id" = "accounts"."id" WHERE (memberships.role is NULL or memberships.role != 0) AND "accounts"."id" = 1 LIMIT 1[0m
  [1m[35mSQL (1.4ms)[0m  SELECT "accounts"."id" AS t0_r0, "accounts"."first_name" AS t0_r1, "accounts"."last_name" AS t0_r2, "accounts"."email" AS t0_r3, "accounts"."hashed_password" AS t0_r4, "accounts"."created_at" AS t0_r5, "accounts"."updated_at" AS t0_r6, "accounts"."identities" AS t0_r7, "accounts"."language" AS t0_r8, "accounts"."document_language" AS t0_r9, "memberships"."id" AS t1_r0, "memberships"."organization_id" AS t1_r1, "memberships"."account_id" AS t1_r2, "memberships"."role" AS t1_r3, "memberships"."default" AS t1_r4, "memberships"."concealed" AS t1_r5 FROM "accounts" LEFT OUTER JOIN "memberships" ON "memberships"."account_id" = "accounts"."id" WHERE (memberships.role is NULL or memberships.role != 0) AND "accounts"."id" = 1 AND "accounts"."id" IN (1)
Filter chain halted as :bouncer rendered or redirected
Completed 401 Unauthorized in 11ms (ActiveRecord: 2.6ms)
Started GET "/home" for 127.0.0.1 at 2014-02-26 16:00:21 +0100
Processing by HomeController#index as HTML
  [1m[36mSQL (0.8ms)[0m  [1mSELECT DISTINCT "accounts"."id" FROM "accounts" LEFT OUTER JOIN "memberships" ON "memberships"."account_id" = "accounts"."id" WHERE (memberships.role is NULL or memberships.role != 0) AND "accounts"."id" = 1 LIMIT 1[0m
  [1m[35mSQL (0.5ms)[0m  SELECT "accounts"."id" AS t0_r0, "accounts"."first_name" AS t0_r1, "accounts"."last_name" AS t0_r2, "accounts"."email" AS t0_r3, "accounts"."hashed_password" AS t0_r4, "accounts"."created_at" AS t0_r5, "accounts"."updated_at" AS t0_r6, "accounts"."identities" AS t0_r7, "accounts"."language" AS t0_r8, "accounts"."document_language" AS t0_r9, "memberships"."id" AS t1_r0, "memberships"."organization_id" AS t1_r1, "memberships"."account_id" AS t1_r2, "memberships"."role" AS t1_r3, "memberships"."default" AS t1_r4, "memberships"."concealed" AS t1_r5 FROM "accounts" LEFT OUTER JOIN "memberships" ON "memberships"."account_id" = "accounts"."id" WHERE (memberships.role is NULL or memberships.role != 0) AND "accounts"."id" = 1 AND "accounts"."id" IN (1)
Filter chain halted as :bouncer rendered or redirected
Completed 401 Unauthorized in 6ms (ActiveRecord: 1.2ms)
Started GET "/home" for 127.0.0.1 at 2014-02-26 16:00:21 +0100
Processing by HomeController#index as HTML
  [1m[36mSQL (1.3ms)[0m  [1mSELECT DISTINCT "accounts"."id" FROM "accounts" LEFT OUTER JOIN "memberships" ON "memberships"."account_id" = "accounts"."id" WHERE (memberships.role is NULL or memberships.role != 0) AND "accounts"."id" = 1 LIMIT 1[0m
  [1m[35mSQL (1.2ms)[0m  SELECT "accounts"."id" AS t0_r0, "accounts"."first_name" AS t0_r1, "accounts"."last_name" AS t0_r2, "accounts"."email" AS t0_r3, "accounts"."hashed_password" AS t0_r4, "accounts"."created_at" AS t0_r5, "accounts"."updated_at" AS t0_r6, "accounts"."identities" AS t0_r7, "accounts"."language" AS t0_r8, "accounts"."document_language" AS t0_r9, "memberships"."id" AS t1_r0, "memberships"."organization_id" AS t1_r1, "memberships"."account_id" AS t1_r2, "memberships"."role" AS t1_r3, "memberships"."default" AS t1_r4, "memberships"."concealed" AS t1_r5 FROM "accounts" LEFT OUTER JOIN "memberships" ON "memberships"."account_id" = "accounts"."id" WHERE (memberships.role is NULL or memberships.role != 0) AND "accounts"."id" = 1 AND "accounts"."id" IN (1)
Filter chain halted as :bouncer rendered or redirected
Completed 401 Unauthorized in 11ms (ActiveRecord: 2.5ms)
Started GET "/home" for 127.0.0.1 at 2014-02-26 16:00:21 +0100
Processing by HomeController#index as HTML
  [1m[36mSQL (1.2ms)[0m  [1mSELECT DISTINCT "accounts"."id" FROM "accounts" LEFT OUTER JOIN "memberships" ON "memberships"."account_id" = "accounts"."id" WHERE (memberships.role is NULL or memberships.role != 0) AND "accounts"."id" = 1 LIMIT 1[0m
  [1m[35mSQL (1.2ms)[0m  SELECT "accounts"."id" AS t0_r0, "accounts"."first_name" AS t0_r1, "accounts"."last_name" AS t0_r2, "accounts"."email" AS t0_r3, "accounts"."hashed_password" AS t0_r4, "accounts"."created_at" AS t0_r5, "accounts"."updated_at" AS t0_r6, "accounts"."identities" AS t0_r7, "accounts"."language" AS t0_r8, "accounts"."document_language" AS t0_r9, "memberships"."id" AS t1_r0, "memberships"."organization_id" AS t1_r1, "memberships"."account_id" AS t1_r2, "memberships"."role" AS t1_r3, "memberships"."default" AS t1_r4, "memberships"."concealed" AS t1_r5 FROM "accounts" LEFT OUTER JOIN "memberships" ON "memberships"."account_id" = "accounts"."id" WHERE (memberships.role is NULL or memberships.role != 0) AND "accounts"."id" = 1 AND "accounts"."id" IN (1)
Filter chain halted as :bouncer rendered or redirected
Completed 401 Unauthorized in 10ms (ActiveRecord: 2.4ms)
Started GET "/home" for 127.0.0.1 at 2014-02-26 16:00:22 +0100
Processing by HomeController#index as HTML
  [1m[36mSQL (1.3ms)[0m  [1mSELECT DISTINCT "accounts"."id" FROM "accounts" LEFT OUTER JOIN "memberships" ON "memberships"."account_id" = "accounts"."id" WHERE (memberships.role is NULL or memberships.role != 0) AND "accounts"."id" = 1 LIMIT 1[0m
  [1m[35mSQL (1.3ms)[0m  SELECT "accounts"."id" AS t0_r0, "accounts"."first_name" AS t0_r1, "accounts"."last_name" AS t0_r2, "accounts"."email" AS t0_r3, "accounts"."hashed_password" AS t0_r4, "accounts"."created_at" AS t0_r5, "accounts"."updated_at" AS t0_r6, "accounts"."identities" AS t0_r7, "accounts"."language" AS t0_r8, "accounts"."document_language" AS t0_r9, "memberships"."id" AS t1_r0, "memberships"."organization_id" AS t1_r1, "memberships"."account_id" AS t1_r2, "memberships"."role" AS t1_r3, "memberships"."default" AS t1_r4, "memberships"."concealed" AS t1_r5 FROM "accounts" LEFT OUTER JOIN "memberships" ON "memberships"."account_id" = "accounts"."id" WHERE (memberships.role is NULL or memberships.role != 0) AND "accounts"."id" = 1 AND "accounts"."id" IN (1)
Filter chain halted as :bouncer rendered or redirected
Completed 401 Unauthorized in 11ms (ActiveRecord: 2.6ms)
Started GET "/home" for 127.0.0.1 at 2014-02-26 16:00:22 +0100
Processing by HomeController#index as HTML
  [1m[36mSQL (1.5ms)[0m  [1mSELECT DISTINCT "accounts"."id" FROM "accounts" LEFT OUTER JOIN "memberships" ON "memberships"."account_id" = "accounts"."id" WHERE (memberships.role is NULL or memberships.role != 0) AND "accounts"."id" = 1 LIMIT 1[0m
  [1m[35mSQL (1.4ms)[0m  SELECT "accounts"."id" AS t0_r0, "accounts"."first_name" AS t0_r1, "accounts"."last_name" AS t0_r2, "accounts"."email" AS t0_r3, "accounts"."hashed_password" AS t0_r4, "accounts"."created_at" AS t0_r5, "accounts"."updated_at" AS t0_r6, "accounts"."identities" AS t0_r7, "accounts"."language" AS t0_r8, "accounts"."document_language" AS t0_r9, "memberships"."id" AS t1_r0, "memberships"."organization_id" AS t1_r1, "memberships"."account_id" AS t1_r2, "memberships"."role" AS t1_r3, "memberships"."default" AS t1_r4, "memberships"."concealed" AS t1_r5 FROM "accounts" LEFT OUTER JOIN "memberships" ON "memberships"."account_id" = "accounts"."id" WHERE (memberships.role is NULL or memberships.role != 0) AND "accounts"."id" = 1 AND "accounts"."id" IN (1)
Filter chain halted as :bouncer rendered or redirected
Completed 401 Unauthorized in 11ms (ActiveRecord: 2.9ms)
Started GET "/home" for 127.0.0.1 at 2014-02-26 16:00:22 +0100
Processing by HomeController#index as HTML
  [1m[36mSQL (1.3ms)[0m  [1mSELECT DISTINCT "accounts"."id" FROM "accounts" LEFT OUTER JOIN "memberships" ON "memberships"."account_id" = "accounts"."id" WHERE (memberships.role is NULL or memberships.role != 0) AND "accounts"."id" = 1 LIMIT 1[0m
  [1m[35mSQL (1.2ms)[0m  SELECT "accounts"."id" AS t0_r0, "accounts"."first_name" AS t0_r1, "accounts"."last_name" AS t0_r2, "accounts"."email" AS t0_r3, "accounts"."hashed_password" AS t0_r4, "accounts"."created_at" AS t0_r5, "accounts"."updated_at" AS t0_r6, "accounts"."identities" AS t0_r7, "accounts"."language" AS t0_r8, "accounts"."document_language" AS t0_r9, "memberships"."id" AS t1_r0, "memberships"."organization_id" AS t1_r1, "memberships"."account_id" AS t1_r2, "memberships"."role" AS t1_r3, "memberships"."default" AS t1_r4, "memberships"."concealed" AS t1_r5 FROM "accounts" LEFT OUTER JOIN "memberships" ON "memberships"."account_id" = "accounts"."id" WHERE (memberships.role is NULL or memberships.role != 0) AND "accounts"."id" = 1 AND "accounts"."id" IN (1)
Filter chain halted as :bouncer rendered or redirected
Completed 401 Unauthorized in 11ms (ActiveRecord: 2.5ms)
Started GET "/home" for 127.0.0.1 at 2014-02-26 16:00:22 +0100
Processing by HomeController#index as HTML
  [1m[36mSQL (1.2ms)[0m  [1mSELECT DISTINCT "accounts"."id" FROM "accounts" LEFT OUTER JOIN "memberships" ON "memberships"."account_id" = "accounts"."id" WHERE (memberships.role is NULL or memberships.role != 0) AND "accounts"."id" = 1 LIMIT 1[0m
  [1m[35mSQL (1.2ms)[0m  SELECT "accounts"."id" AS t0_r0, "accounts"."first_name" AS t0_r1, "accounts"."last_name" AS t0_r2, "accounts"."email" AS t0_r3, "accounts"."hashed_password" AS t0_r4, "accounts"."created_at" AS t0_r5, "accounts"."updated_at" AS t0_r6, "accounts"."identities" AS t0_r7, "accounts"."language" AS t0_r8, "accounts"."document_language" AS t0_r9, "memberships"."id" AS t1_r0, "memberships"."organization_id" AS t1_r1, "memberships"."account_id" AS t1_r2, "memberships"."role" AS t1_r3, "memberships"."default" AS t1_r4, "memberships"."concealed" AS t1_r5 FROM "accounts" LEFT OUTER JOIN "memberships" ON "memberships"."account_id" = "accounts"."id" WHERE (memberships.role is NULL or memberships.role != 0) AND "accounts"."id" = 1 AND "accounts"."id" IN (1)
Filter chain halted as :bouncer rendered or redirected
Completed 401 Unauthorized in 5ms (ActiveRecord: 2.4ms)
Started GET "/home" for 127.0.0.1 at 2014-02-26 16:00:22 +0100
Processing by HomeController#index as HTML
  [1m[36mSQL (0.6ms)[0m  [1mSELECT DISTINCT "accounts"."id" FROM "accounts" LEFT OUTER JOIN "memberships" ON "memberships"."account_id" = "accounts"."id" WHERE (memberships.role is NULL or memberships.role != 0) AND "accounts"."id" = 1 LIMIT 1[0m
  [1m[35mSQL (1.4ms)[0m  SELECT "accounts"."id" AS t0_r0, "accounts"."first_name" AS t0_r1, "accounts"."last_name" AS t0_r2, "accounts"."email" AS t0_r3, "accounts"."hashed_password" AS t0_r4, "accounts"."created_at" AS t0_r5, "accounts"."updated_at" AS t0_r6, "accounts"."identities" AS t0_r7, "accounts"."language" AS t0_r8, "accounts"."document_language" AS t0_r9, "memberships"."id" AS t1_r0, "memberships"."organization_id" AS t1_r1, "memberships"."account_id" AS t1_r2, "memberships"."role" AS t1_r3, "memberships"."default" AS t1_r4, "memberships"."concealed" AS t1_r5 FROM "accounts" LEFT OUTER JOIN "memberships" ON "memberships"."account_id" = "accounts"."id" WHERE (memberships.role is NULL or memberships.role != 0) AND "accounts"."id" = 1 AND "accounts"."id" IN (1)
Filter chain halted as :bouncer rendered or redirected
Completed 401 Unauthorized in 9ms (ActiveRecord: 2.0ms)
Started GET "/home" for 127.0.0.1 at 2014-02-26 16:00:23 +0100
Processing by HomeController#index as HTML
  [1m[36mSQL (1.3ms)[0m  [1mSELECT DISTINCT "accounts"."id" FROM "accounts" LEFT OUTER JOIN "memberships" ON "memberships"."account_id" = "accounts"."id" WHERE (memberships.role is NULL or memberships.role != 0) AND "accounts"."id" = 1 LIMIT 1[0m
  [1m[35mSQL (1.2ms)[0m  SELECT "accounts"."id" AS t0_r0, "accounts"."first_name" AS t0_r1, "accounts"."last_name" AS t0_r2, "accounts"."email" AS t0_r3, "accounts"."hashed_password" AS t0_r4, "accounts"."created_at" AS t0_r5, "accounts"."updated_at" AS t0_r6, "accounts"."identities" AS t0_r7, "accounts"."language" AS t0_r8, "accounts"."document_language" AS t0_r9, "memberships"."id" AS t1_r0, "memberships"."organization_id" AS t1_r1, "memberships"."account_id" AS t1_r2, "memberships"."role" AS t1_r3, "memberships"."default" AS t1_r4, "memberships"."concealed" AS t1_r5 FROM "accounts" LEFT OUTER JOIN "memberships" ON "memberships"."account_id" = "accounts"."id" WHERE (memberships.role is NULL or memberships.role != 0) AND "accounts"."id" = 1 AND "accounts"."id" IN (1)
Filter chain halted as :bouncer rendered or redirected
Completed 401 Unauthorized in 10ms (ActiveRecord: 2.5ms)
Started GET "/home" for 127.0.0.1 at 2014-02-26 16:00:23 +0100
Processing by HomeController#index as HTML
  [1m[36mSQL (1.2ms)[0m  [1mSELECT DISTINCT "accounts"."id" FROM "accounts" LEFT OUTER JOIN "memberships" ON "memberships"."account_id" = "accounts"."id" WHERE (memberships.role is NULL or memberships.role != 0) AND "accounts"."id" = 1 LIMIT 1[0m
  [1m[35mSQL (1.3ms)[0m  SELECT "accounts"."id" AS t0_r0, "accounts"."first_name" AS t0_r1, "accounts"."last_name" AS t0_r2, "accounts"."email" AS t0_r3, "accounts"."hashed_password" AS t0_r4, "accounts"."created_at" AS t0_r5, "accounts"."updated_at" AS t0_r6, "accounts"."identities" AS t0_r7, "accounts"."language" AS t0_r8, "accounts"."document_language" AS t0_r9, "memberships"."id" AS t1_r0, "memberships"."organization_id" AS t1_r1, "memberships"."account_id" AS t1_r2, "memberships"."role" AS t1_r3, "memberships"."default" AS t1_r4, "memberships"."concealed" AS t1_r5 FROM "accounts" LEFT OUTER JOIN "memberships" ON "memberships"."account_id" = "accounts"."id" WHERE (memberships.role is NULL or memberships.role != 0) AND "accounts"."id" = 1 AND "accounts"."id" IN (1)
Filter chain halted as :bouncer rendered or redirected
Completed 401 Unauthorized in 11ms (ActiveRecord: 2.5ms)
Started GET "/home" for 127.0.0.1 at 2014-02-26 16:00:24 +0100
Processing by HomeController#index as HTML
  [1m[36mSQL (0.5ms)[0m  [1mSELECT DISTINCT "accounts"."id" FROM "accounts" LEFT OUTER JOIN "memberships" ON "memberships"."account_id" = "accounts"."id" WHERE (memberships.role is NULL or memberships.role != 0) AND "accounts"."id" = 1 LIMIT 1[0m
  [1m[35mSQL (1.2ms)[0m  SELECT "accounts"."id" AS t0_r0, "accounts"."first_name" AS t0_r1, "accounts"."last_name" AS t0_r2, "accounts"."email" AS t0_r3, "accounts"."hashed_password" AS t0_r4, "accounts"."created_at" AS t0_r5, "accounts"."updated_at" AS t0_r6, "accounts"."identities" AS t0_r7, "accounts"."language" AS t0_r8, "accounts"."document_language" AS t0_r9, "memberships"."id" AS t1_r0, "memberships"."organization_id" AS t1_r1, "memberships"."account_id" AS t1_r2, "memberships"."role" AS t1_r3, "memberships"."default" AS t1_r4, "memberships"."concealed" AS t1_r5 FROM "accounts" LEFT OUTER JOIN "memberships" ON "memberships"."account_id" = "accounts"."id" WHERE (memberships.role is NULL or memberships.role != 0) AND "accounts"."id" = 1 AND "accounts"."id" IN (1)
Filter chain halted as :bouncer rendered or redirected
Completed 401 Unauthorized in 7ms (ActiveRecord: 1.6ms)
Started GET "/home" for 127.0.0.1 at 2014-02-26 16:00:24 +0100
Processing by HomeController#index as HTML
  [1m[36mSQL (1.2ms)[0m  [1mSELECT DISTINCT "accounts"."id" FROM "accounts" LEFT OUTER JOIN "memberships" ON "memberships"."account_id" = "accounts"."id" WHERE (memberships.role is NULL or memberships.role != 0) AND "accounts"."id" = 1 LIMIT 1[0m
  [1m[35mSQL (1.1ms)[0m  SELECT "accounts"."id" AS t0_r0, "accounts"."first_name" AS t0_r1, "accounts"."last_name" AS t0_r2, "accounts"."email" AS t0_r3, "accounts"."hashed_password" AS t0_r4, "accounts"."created_at" AS t0_r5, "accounts"."updated_at" AS t0_r6, "accounts"."identities" AS t0_r7, "accounts"."language" AS t0_r8, "accounts"."document_language" AS t0_r9, "memberships"."id" AS t1_r0, "memberships"."organization_id" AS t1_r1, "memberships"."account_id" AS t1_r2, "memberships"."role" AS t1_r3, "memberships"."default" AS t1_r4, "memberships"."concealed" AS t1_r5 FROM "accounts" LEFT OUTER JOIN "memberships" ON "memberships"."account_id" = "accounts"."id" WHERE (memberships.role is NULL or memberships.role != 0) AND "accounts"."id" = 1 AND "accounts"."id" IN (1)
Filter chain halted as :bouncer rendered or redirected
Completed 401 Unauthorized in 6ms (ActiveRecord: 2.3ms)
Started GET "/home" for 127.0.0.1 at 2014-02-26 16:00:24 +0100
Processing by HomeController#index as HTML
  [1m[36mSQL (1.2ms)[0m  [1mSELECT DISTINCT "accounts"."id" FROM "accounts" LEFT OUTER JOIN "memberships" ON "memberships"."account_id" = "accounts"."id" WHERE (memberships.role is NULL or memberships.role != 0) AND "accounts"."id" = 1 LIMIT 1[0m
  [1m[35mSQL (1.2ms)[0m  SELECT "accounts"."id" AS t0_r0, "accounts"."first_name" AS t0_r1, "accounts"."last_name" AS t0_r2, "accounts"."email" AS t0_r3, "accounts"."hashed_password" AS t0_r4, "accounts"."created_at" AS t0_r5, "accounts"."updated_at" AS t0_r6, "accounts"."identities" AS t0_r7, "accounts"."language" AS t0_r8, "accounts"."document_language" AS t0_r9, "memberships"."id" AS t1_r0, "memberships"."organization_id" AS t1_r1, "memberships"."account_id" AS t1_r2, "memberships"."role" AS t1_r3, "memberships"."default" AS t1_r4, "memberships"."concealed" AS t1_r5 FROM "accounts" LEFT OUTER JOIN "memberships" ON "memberships"."account_id" = "accounts"."id" WHERE (memberships.role is NULL or memberships.role != 0) AND "accounts"."id" = 1 AND "accounts"."id" IN (1)
Filter chain halted as :bouncer rendered or redirected
Completed 401 Unauthorized in 10ms (ActiveRecord: 2.3ms)
Started GET "/home" for 127.0.0.1 at 2014-02-26 16:00:24 +0100
Processing by HomeController#index as HTML
  [1m[36mSQL (1.4ms)[0m  [1mSELECT DISTINCT "accounts"."id" FROM "accounts" LEFT OUTER JOIN "memberships" ON "memberships"."account_id" = "accounts"."id" WHERE (memberships.role is NULL or memberships.role != 0) AND "accounts"."id" = 1 LIMIT 1[0m
  [1m[35mSQL (1.0ms)[0m  SELECT "accounts"."id" AS t0_r0, "accounts"."first_name" AS t0_r1, "accounts"."last_name" AS t0_r2, "accounts"."email" AS t0_r3, "accounts"."hashed_password" AS t0_r4, "accounts"."created_at" AS t0_r5, "accounts"."updated_at" AS t0_r6, "accounts"."identities" AS t0_r7, "accounts"."language" AS t0_r8, "accounts"."document_language" AS t0_r9, "memberships"."id" AS t1_r0, "memberships"."organization_id" AS t1_r1, "memberships"."account_id" AS t1_r2, "memberships"."role" AS t1_r3, "memberships"."default" AS t1_r4, "memberships"."concealed" AS t1_r5 FROM "accounts" LEFT OUTER JOIN "memberships" ON "memberships"."account_id" = "accounts"."id" WHERE (memberships.role is NULL or memberships.role != 0) AND "accounts"."id" = 1 AND "accounts"."id" IN (1)
Filter chain halted as :bouncer rendered or redirected
Completed 401 Unauthorized in 8ms (ActiveRecord: 2.4ms)
Started GET "/home" for 127.0.0.1 at 2014-02-26 16:00:25 +0100
Processing by HomeController#index as HTML
  [1m[36mSQL (1.3ms)[0m  [1mSELECT DISTINCT "accounts"."id" FROM "accounts" LEFT OUTER JOIN "memberships" ON "memberships"."account_id" = "accounts"."id" WHERE (memberships.role is NULL or memberships.role != 0) AND "accounts"."id" = 1 LIMIT 1[0m
  [1m[35mSQL (1.3ms)[0m  SELECT "accounts"."id" AS t0_r0, "accounts"."first_name" AS t0_r1, "accounts"."last_name" AS t0_r2, "accounts"."email" AS t0_r3, "accounts"."hashed_password" AS t0_r4, "accounts"."created_at" AS t0_r5, "accounts"."updated_at" AS t0_r6, "accounts"."identities" AS t0_r7, "accounts"."language" AS t0_r8, "accounts"."document_language" AS t0_r9, "memberships"."id" AS t1_r0, "memberships"."organization_id" AS t1_r1, "memberships"."account_id" AS t1_r2, "memberships"."role" AS t1_r3, "memberships"."default" AS t1_r4, "memberships"."concealed" AS t1_r5 FROM "accounts" LEFT OUTER JOIN "memberships" ON "memberships"."account_id" = "accounts"."id" WHERE (memberships.role is NULL or memberships.role != 0) AND "accounts"."id" = 1 AND "accounts"."id" IN (1)
Filter chain halted as :bouncer rendered or redirected
Completed 401 Unauthorized in 11ms (ActiveRecord: 2.5ms)
Started GET "/home" for 127.0.0.1 at 2014-02-26 16:00:25 +0100
Processing by HomeController#index as HTML
  [1m[36mSQL (1.3ms)[0m  [1mSELECT DISTINCT "accounts"."id" FROM "accounts" LEFT OUTER JOIN "memberships" ON "memberships"."account_id" = "accounts"."id" WHERE (memberships.role is NULL or memberships.role != 0) AND "accounts"."id" = 1 LIMIT 1[0m
  [1m[35mSQL (1.3ms)[0m  SELECT "accounts"."id" AS t0_r0, "accounts"."first_name" AS t0_r1, "accounts"."last_name" AS t0_r2, "accounts"."email" AS t0_r3, "accounts"."hashed_password" AS t0_r4, "accounts"."created_at" AS t0_r5, "accounts"."updated_at" AS t0_r6, "accounts"."identities" AS t0_r7, "accounts"."language" AS t0_r8, "accounts"."document_language" AS t0_r9, "memberships"."id" AS t1_r0, "memberships"."organization_id" AS t1_r1, "memberships"."account_id" AS t1_r2, "memberships"."role" AS t1_r3, "memberships"."default" AS t1_r4, "memberships"."concealed" AS t1_r5 FROM "accounts" LEFT OUTER JOIN "memberships" ON "memberships"."account_id" = "accounts"."id" WHERE (memberships.role is NULL or memberships.role != 0) AND "accounts"."id" = 1 AND "accounts"."id" IN (1)
Filter chain halted as :bouncer rendered or redirected
Completed 401 Unauthorized in 11ms (ActiveRecord: 2.5ms)
Started GET "/home" for 127.0.0.1 at 2014-02-26 16:00:25 +0100
Processing by HomeController#index as HTML
  [1m[36mSQL (1.3ms)[0m  [1mSELECT DISTINCT "accounts"."id" FROM "accounts" LEFT OUTER JOIN "memberships" ON "memberships"."account_id" = "accounts"."id" WHERE (memberships.role is NULL or memberships.role != 0) AND "accounts"."id" = 1 LIMIT 1[0m
  [1m[35mSQL (1.2ms)[0m  SELECT "accounts"."id" AS t0_r0, "accounts"."first_name" AS t0_r1, "accounts"."last_name" AS t0_r2, "accounts"."email" AS t0_r3, "accounts"."hashed_password" AS t0_r4, "accounts"."created_at" AS t0_r5, "accounts"."updated_at" AS t0_r6, "accounts"."identities" AS t0_r7, "accounts"."language" AS t0_r8, "accounts"."document_language" AS t0_r9, "memberships"."id" AS t1_r0, "memberships"."organization_id" AS t1_r1, "memberships"."account_id" AS t1_r2, "memberships"."role" AS t1_r3, "memberships"."default" AS t1_r4, "memberships"."concealed" AS t1_r5 FROM "accounts" LEFT OUTER JOIN "memberships" ON "memberships"."account_id" = "accounts"."id" WHERE (memberships.role is NULL or memberships.role != 0) AND "accounts"."id" = 1 AND "accounts"."id" IN (1)
Filter chain halted as :bouncer rendered or redirected
Completed 401 Unauthorized in 10ms (ActiveRecord: 2.5ms)
